[2020-05-13 18:21:24,594] INFO Starting the log cleaner (kafka.log.LogCleaner)
[2020-05-13 18:21:24,661] INFO [kafka-log-cleaner-thread-0]: Starting (kafka.log.LogCleaner)
[2020-05-13 18:21:38,856] INFO Starting the log cleaner (kafka.log.LogCleaner)
[2020-05-13 18:21:38,920] INFO [kafka-log-cleaner-thread-0]: Starting (kafka.log.LogCleaner)
[2020-05-13 18:21:39,824] INFO Shutting down the log cleaner. (kafka.log.LogCleaner)
[2020-05-13 18:21:39,824] INFO [kafka-log-cleaner-thread-0]: Shutting down (kafka.log.LogCleaner)
[2020-05-13 18:21:39,825] INFO [kafka-log-cleaner-thread-0]: Stopped (kafka.log.LogCleaner)
[2020-05-13 18:21:39,825] INFO [kafka-log-cleaner-thread-0]: Shutdown completed (kafka.log.LogCleaner)
[2020-05-13 18:21:45,857] INFO Starting the log cleaner (kafka.log.LogCleaner)
[2020-05-13 18:21:45,921] INFO [kafka-log-cleaner-thread-0]: Starting (kafka.log.LogCleaner)
[2020-05-13 18:21:47,007] INFO Shutting down the log cleaner. (kafka.log.LogCleaner)
[2020-05-13 18:21:47,007] INFO [kafka-log-cleaner-thread-0]: Shutting down (kafka.log.LogCleaner)
[2020-05-13 18:21:47,008] INFO [kafka-log-cleaner-thread-0]: Stopped (kafka.log.LogCleaner)
[2020-05-13 18:21:47,008] INFO [kafka-log-cleaner-thread-0]: Shutdown completed (kafka.log.LogCleaner)
[2020-05-13 18:22:00,730] INFO Starting the log cleaner (kafka.log.LogCleaner)
[2020-05-13 18:22:00,793] INFO [kafka-log-cleaner-thread-0]: Starting (kafka.log.LogCleaner)
[2020-05-13 18:22:08,293] INFO Starting the log cleaner (kafka.log.LogCleaner)
[2020-05-13 18:22:08,359] INFO [kafka-log-cleaner-thread-0]: Starting (kafka.log.LogCleaner)
[2020-05-13 18:22:09,652] INFO Shutting down the log cleaner. (kafka.log.LogCleaner)
[2020-05-13 18:22:09,653] INFO [kafka-log-cleaner-thread-0]: Shutting down (kafka.log.LogCleaner)
[2020-05-13 18:22:09,655] INFO [kafka-log-cleaner-thread-0]: Stopped (kafka.log.LogCleaner)
[2020-05-13 18:22:09,655] INFO [kafka-log-cleaner-thread-0]: Shutdown completed (kafka.log.LogCleaner)
[2020-05-13 18:22:16,324] INFO Starting the log cleaner (kafka.log.LogCleaner)
[2020-05-13 18:22:16,389] INFO [kafka-log-cleaner-thread-0]: Starting (kafka.log.LogCleaner)
[2020-05-13 18:22:17,474] INFO Shutting down the log cleaner. (kafka.log.LogCleaner)
[2020-05-13 18:22:17,475] INFO [kafka-log-cleaner-thread-0]: Shutting down (kafka.log.LogCleaner)
[2020-05-13 18:22:17,475] INFO [kafka-log-cleaner-thread-0]: Stopped (kafka.log.LogCleaner)
[2020-05-13 18:22:17,475] INFO [kafka-log-cleaner-thread-0]: Shutdown completed (kafka.log.LogCleaner)
[2020-05-13 18:22:23,707] INFO Starting the log cleaner (kafka.log.LogCleaner)
[2020-05-13 18:22:23,769] INFO [kafka-log-cleaner-thread-0]: Starting (kafka.log.LogCleaner)
[2020-05-13 18:22:31,641] INFO Starting the log cleaner (kafka.log.LogCleaner)
[2020-05-13 18:22:31,705] INFO [kafka-log-cleaner-thread-0]: Starting (kafka.log.LogCleaner)
[2020-05-13 18:22:32,794] INFO Shutting down the log cleaner. (kafka.log.LogCleaner)
[2020-05-13 18:22:32,795] INFO [kafka-log-cleaner-thread-0]: Shutting down (kafka.log.LogCleaner)
[2020-05-13 18:22:32,795] INFO [kafka-log-cleaner-thread-0]: Stopped (kafka.log.LogCleaner)
[2020-05-13 18:22:32,795] INFO [kafka-log-cleaner-thread-0]: Shutdown completed (kafka.log.LogCleaner)
[2020-05-13 18:22:38,995] INFO Starting the log cleaner (kafka.log.LogCleaner)
[2020-05-13 18:22:39,059] INFO [kafka-log-cleaner-thread-0]: Starting (kafka.log.LogCleaner)
[2020-05-13 18:22:40,156] INFO Shutting down the log cleaner. (kafka.log.LogCleaner)
[2020-05-13 18:22:40,156] INFO [kafka-log-cleaner-thread-0]: Shutting down (kafka.log.LogCleaner)
[2020-05-13 18:22:40,157] INFO [kafka-log-cleaner-thread-0]: Stopped (kafka.log.LogCleaner)
[2020-05-13 18:22:40,157] INFO [kafka-log-cleaner-thread-0]: Shutdown completed (kafka.log.LogCleaner)
[2020-05-13 18:22:45,919] INFO Starting the log cleaner (kafka.log.LogCleaner)
[2020-05-13 18:22:45,981] INFO [kafka-log-cleaner-thread-0]: Starting (kafka.log.LogCleaner)
[2020-05-13 18:22:46,872] INFO Shutting down the log cleaner. (kafka.log.LogCleaner)
[2020-05-13 18:22:46,873] INFO [kafka-log-cleaner-thread-0]: Shutting down (kafka.log.LogCleaner)
[2020-05-13 18:22:46,874] INFO [kafka-log-cleaner-thread-0]: Stopped (kafka.log.LogCleaner)
[2020-05-13 18:22:46,874] INFO [kafka-log-cleaner-thread-0]: Shutdown completed (kafka.log.LogCleaner)
[2020-05-13 18:22:53,872] INFO Starting the log cleaner (kafka.log.LogCleaner)
[2020-05-13 18:22:53,939] INFO [kafka-log-cleaner-thread-0]: Starting (kafka.log.LogCleaner)
[2020-05-13 18:23:01,351] INFO Starting the log cleaner (kafka.log.LogCleaner)
[2020-05-13 18:23:01,415] INFO [kafka-log-cleaner-thread-0]: Starting (kafka.log.LogCleaner)
[2020-05-13 18:23:02,514] INFO Shutting down the log cleaner. (kafka.log.LogCleaner)
[2020-05-13 18:23:02,514] INFO [kafka-log-cleaner-thread-0]: Shutting down (kafka.log.LogCleaner)
[2020-05-13 18:23:02,515] INFO [kafka-log-cleaner-thread-0]: Shutdown completed (kafka.log.LogCleaner)
[2020-05-13 18:23:02,515] INFO [kafka-log-cleaner-thread-0]: Stopped (kafka.log.LogCleaner)
[2020-05-13 18:23:08,478] INFO Starting the log cleaner (kafka.log.LogCleaner)
[2020-05-13 18:23:08,541] INFO [kafka-log-cleaner-thread-0]: Starting (kafka.log.LogCleaner)
[2020-05-13 18:23:09,622] INFO Shutting down the log cleaner. (kafka.log.LogCleaner)
[2020-05-13 18:23:09,623] INFO [kafka-log-cleaner-thread-0]: Shutting down (kafka.log.LogCleaner)
[2020-05-13 18:23:09,624] INFO [kafka-log-cleaner-thread-0]: Stopped (kafka.log.LogCleaner)
[2020-05-13 18:23:09,624] INFO [kafka-log-cleaner-thread-0]: Shutdown completed (kafka.log.LogCleaner)
[2020-05-13 18:23:51,315] INFO Starting the log cleaner (kafka.log.LogCleaner)
[2020-05-13 18:23:51,380] INFO [kafka-log-cleaner-thread-0]: Starting (kafka.log.LogCleaner)
[2020-05-13 18:23:59,385] INFO Starting the log cleaner (kafka.log.LogCleaner)
[2020-05-13 18:23:59,452] INFO [kafka-log-cleaner-thread-0]: Starting (kafka.log.LogCleaner)
[2020-05-13 18:24:00,757] INFO Shutting down the log cleaner. (kafka.log.LogCleaner)
[2020-05-13 18:24:00,758] INFO [kafka-log-cleaner-thread-0]: Shutting down (kafka.log.LogCleaner)
[2020-05-13 18:24:00,758] INFO [kafka-log-cleaner-thread-0]: Shutdown completed (kafka.log.LogCleaner)
[2020-05-13 18:24:00,758] INFO [kafka-log-cleaner-thread-0]: Stopped (kafka.log.LogCleaner)
[2020-05-13 18:24:06,953] INFO Starting the log cleaner (kafka.log.LogCleaner)
[2020-05-13 18:24:07,017] INFO [kafka-log-cleaner-thread-0]: Starting (kafka.log.LogCleaner)
[2020-05-13 18:24:07,916] INFO Shutting down the log cleaner. (kafka.log.LogCleaner)
[2020-05-13 18:24:07,917] INFO [kafka-log-cleaner-thread-0]: Shutting down (kafka.log.LogCleaner)
[2020-05-13 18:24:07,917] INFO [kafka-log-cleaner-thread-0]: Shutdown completed (kafka.log.LogCleaner)
[2020-05-13 18:24:07,917] INFO [kafka-log-cleaner-thread-0]: Stopped (kafka.log.LogCleaner)
[2020-05-13 18:24:13,956] INFO Starting the log cleaner (kafka.log.LogCleaner)
[2020-05-13 18:24:14,021] INFO [kafka-log-cleaner-thread-0]: Starting (kafka.log.LogCleaner)
[2020-05-13 18:24:22,044] INFO Starting the log cleaner (kafka.log.LogCleaner)
[2020-05-13 18:24:22,109] INFO [kafka-log-cleaner-thread-0]: Starting (kafka.log.LogCleaner)
[2020-05-13 18:24:23,231] INFO Shutting down the log cleaner. (kafka.log.LogCleaner)
[2020-05-13 18:24:23,231] INFO [kafka-log-cleaner-thread-0]: Shutting down (kafka.log.LogCleaner)
[2020-05-13 18:24:23,232] INFO [kafka-log-cleaner-thread-0]: Stopped (kafka.log.LogCleaner)
[2020-05-13 18:24:23,232] INFO [kafka-log-cleaner-thread-0]: Shutdown completed (kafka.log.LogCleaner)
[2020-05-13 18:24:29,448] INFO Starting the log cleaner (kafka.log.LogCleaner)
[2020-05-13 18:24:29,514] INFO [kafka-log-cleaner-thread-0]: Starting (kafka.log.LogCleaner)
[2020-05-13 18:24:30,674] INFO Shutting down the log cleaner. (kafka.log.LogCleaner)
[2020-05-13 18:24:30,675] INFO [kafka-log-cleaner-thread-0]: Shutting down (kafka.log.LogCleaner)
[2020-05-13 18:24:30,675] INFO [kafka-log-cleaner-thread-0]: Shutdown completed (kafka.log.LogCleaner)
[2020-05-13 18:24:30,675] INFO [kafka-log-cleaner-thread-0]: Stopped (kafka.log.LogCleaner)
[2020-05-13 18:24:37,270] INFO Starting the log cleaner (kafka.log.LogCleaner)
[2020-05-13 18:24:37,334] INFO [kafka-log-cleaner-thread-0]: Starting (kafka.log.LogCleaner)
[2020-05-13 18:24:45,193] INFO Starting the log cleaner (kafka.log.LogCleaner)
[2020-05-13 18:24:45,258] INFO [kafka-log-cleaner-thread-0]: Starting (kafka.log.LogCleaner)
[2020-05-13 18:24:46,570] INFO Shutting down the log cleaner. (kafka.log.LogCleaner)
[2020-05-13 18:24:46,571] INFO [kafka-log-cleaner-thread-0]: Shutting down (kafka.log.LogCleaner)
[2020-05-13 18:24:46,571] INFO [kafka-log-cleaner-thread-0]: Stopped (kafka.log.LogCleaner)
[2020-05-13 18:24:46,571] INFO [kafka-log-cleaner-thread-0]: Shutdown completed (kafka.log.LogCleaner)
[2020-05-13 18:24:52,262] INFO Starting the log cleaner (kafka.log.LogCleaner)
[2020-05-13 18:24:52,325] INFO [kafka-log-cleaner-thread-0]: Starting (kafka.log.LogCleaner)
[2020-05-13 18:24:53,230] INFO Shutting down the log cleaner. (kafka.log.LogCleaner)
[2020-05-13 18:24:53,231] INFO [kafka-log-cleaner-thread-0]: Shutting down (kafka.log.LogCleaner)
[2020-05-13 18:24:53,231] INFO [kafka-log-cleaner-thread-0]: Stopped (kafka.log.LogCleaner)
[2020-05-13 18:24:53,231] INFO [kafka-log-cleaner-thread-0]: Shutdown completed (kafka.log.LogCleaner)
[2020-05-13 18:24:59,690] INFO Starting the log cleaner (kafka.log.LogCleaner)
[2020-05-13 18:24:59,754] INFO [kafka-log-cleaner-thread-0]: Starting (kafka.log.LogCleaner)
[2020-05-13 18:25:07,549] INFO Starting the log cleaner (kafka.log.LogCleaner)
[2020-05-13 18:25:07,611] INFO [kafka-log-cleaner-thread-0]: Starting (kafka.log.LogCleaner)
[2020-05-13 18:25:08,712] INFO Shutting down the log cleaner. (kafka.log.LogCleaner)
[2020-05-13 18:25:08,713] INFO [kafka-log-cleaner-thread-0]: Shutting down (kafka.log.LogCleaner)
[2020-05-13 18:25:08,713] INFO [kafka-log-cleaner-thread-0]: Stopped (kafka.log.LogCleaner)
[2020-05-13 18:25:08,713] INFO [kafka-log-cleaner-thread-0]: Shutdown completed (kafka.log.LogCleaner)
[2020-05-13 18:25:14,975] INFO Starting the log cleaner (kafka.log.LogCleaner)
[2020-05-13 18:25:15,039] INFO [kafka-log-cleaner-thread-0]: Starting (kafka.log.LogCleaner)
[2020-05-13 18:25:16,138] INFO Shutting down the log cleaner. (kafka.log.LogCleaner)
[2020-05-13 18:25:16,139] INFO [kafka-log-cleaner-thread-0]: Shutting down (kafka.log.LogCleaner)
[2020-05-13 18:25:16,139] INFO [kafka-log-cleaner-thread-0]: Stopped (kafka.log.LogCleaner)
[2020-05-13 18:25:16,139] INFO [kafka-log-cleaner-thread-0]: Shutdown completed (kafka.log.LogCleaner)
[2020-05-13 18:25:22,323] INFO Starting the log cleaner (kafka.log.LogCleaner)
[2020-05-13 18:25:22,385] INFO [kafka-log-cleaner-thread-0]: Starting (kafka.log.LogCleaner)
[2020-05-13 18:25:30,110] INFO Starting the log cleaner (kafka.log.LogCleaner)
[2020-05-13 18:25:30,174] INFO [kafka-log-cleaner-thread-0]: Starting (kafka.log.LogCleaner)
[2020-05-13 18:25:31,300] INFO Shutting down the log cleaner. (kafka.log.LogCleaner)
[2020-05-13 18:25:31,301] INFO [kafka-log-cleaner-thread-0]: Shutting down (kafka.log.LogCleaner)
[2020-05-13 18:25:31,301] INFO [kafka-log-cleaner-thread-0]: Stopped (kafka.log.LogCleaner)
[2020-05-13 18:25:31,301] INFO [kafka-log-cleaner-thread-0]: Shutdown completed (kafka.log.LogCleaner)
[2020-05-13 18:25:37,818] INFO Starting the log cleaner (kafka.log.LogCleaner)
[2020-05-13 18:25:37,883] INFO [kafka-log-cleaner-thread-0]: Starting (kafka.log.LogCleaner)
[2020-05-13 18:25:38,794] INFO Shutting down the log cleaner. (kafka.log.LogCleaner)
[2020-05-13 18:25:38,795] INFO [kafka-log-cleaner-thread-0]: Shutting down (kafka.log.LogCleaner)
[2020-05-13 18:25:38,796] INFO [kafka-log-cleaner-thread-0]: Shutdown completed (kafka.log.LogCleaner)
[2020-05-13 18:25:38,796] INFO [kafka-log-cleaner-thread-0]: Stopped (kafka.log.LogCleaner)
[2020-05-13 18:25:44,942] INFO Starting the log cleaner (kafka.log.LogCleaner)
[2020-05-13 18:25:45,007] INFO [kafka-log-cleaner-thread-0]: Starting (kafka.log.LogCleaner)
[2020-05-13 18:25:52,752] INFO Starting the log cleaner (kafka.log.LogCleaner)
[2020-05-13 18:25:52,815] INFO [kafka-log-cleaner-thread-0]: Starting (kafka.log.LogCleaner)
[2020-05-13 18:25:53,755] INFO Shutting down the log cleaner. (kafka.log.LogCleaner)
[2020-05-13 18:25:53,756] INFO [kafka-log-cleaner-thread-0]: Shutting down (kafka.log.LogCleaner)
[2020-05-13 18:25:53,756] INFO [kafka-log-cleaner-thread-0]: Stopped (kafka.log.LogCleaner)
[2020-05-13 18:25:53,756] INFO [kafka-log-cleaner-thread-0]: Shutdown completed (kafka.log.LogCleaner)
[2020-05-13 18:26:07,418] INFO Starting the log cleaner (kafka.log.LogCleaner)
[2020-05-13 18:26:07,481] INFO [kafka-log-cleaner-thread-0]: Starting (kafka.log.LogCleaner)
[2020-05-13 18:26:15,389] INFO Starting the log cleaner (kafka.log.LogCleaner)
[2020-05-13 18:26:15,468] INFO [kafka-log-cleaner-thread-0]: Starting (kafka.log.LogCleaner)
[2020-05-13 18:26:16,615] INFO Shutting down the log cleaner. (kafka.log.LogCleaner)
[2020-05-13 18:26:16,616] INFO [kafka-log-cleaner-thread-0]: Shutting down (kafka.log.LogCleaner)
[2020-05-13 18:26:16,617] INFO [kafka-log-cleaner-thread-0]: Stopped (kafka.log.LogCleaner)
[2020-05-13 18:26:16,617] INFO [kafka-log-cleaner-thread-0]: Shutdown completed (kafka.log.LogCleaner)
[2020-05-13 18:26:22,575] INFO Starting the log cleaner (kafka.log.LogCleaner)
[2020-05-13 18:26:22,639] INFO [kafka-log-cleaner-thread-0]: Starting (kafka.log.LogCleaner)
[2020-05-13 18:26:23,723] INFO Shutting down the log cleaner. (kafka.log.LogCleaner)
[2020-05-13 18:26:23,724] INFO [kafka-log-cleaner-thread-0]: Shutting down (kafka.log.LogCleaner)
[2020-05-13 18:26:23,725] INFO [kafka-log-cleaner-thread-0]: Stopped (kafka.log.LogCleaner)
[2020-05-13 18:26:23,725] INFO [kafka-log-cleaner-thread-0]: Shutdown completed (kafka.log.LogCleaner)
[2020-05-13 18:26:30,017] INFO Starting the log cleaner (kafka.log.LogCleaner)
[2020-05-13 18:26:30,079] INFO [kafka-log-cleaner-thread-0]: Starting (kafka.log.LogCleaner)
[2020-05-13 18:26:37,838] INFO Starting the log cleaner (kafka.log.LogCleaner)
[2020-05-13 18:26:37,902] INFO [kafka-log-cleaner-thread-0]: Starting (kafka.log.LogCleaner)
[2020-05-13 18:26:38,996] INFO Shutting down the log cleaner. (kafka.log.LogCleaner)
[2020-05-13 18:26:38,996] INFO [kafka-log-cleaner-thread-0]: Shutting down (kafka.log.LogCleaner)
[2020-05-13 18:26:38,997] INFO [kafka-log-cleaner-thread-0]: Stopped (kafka.log.LogCleaner)
[2020-05-13 18:26:38,997] INFO [kafka-log-cleaner-thread-0]: Shutdown completed (kafka.log.LogCleaner)
[2020-05-13 18:26:45,247] INFO Starting the log cleaner (kafka.log.LogCleaner)
[2020-05-13 18:26:45,312] INFO [kafka-log-cleaner-thread-0]: Starting (kafka.log.LogCleaner)
[2020-05-13 18:26:46,412] INFO Shutting down the log cleaner. (kafka.log.LogCleaner)
[2020-05-13 18:26:46,413] INFO [kafka-log-cleaner-thread-0]: Shutting down (kafka.log.LogCleaner)
[2020-05-13 18:26:46,413] INFO [kafka-log-cleaner-thread-0]: Shutdown completed (kafka.log.LogCleaner)
[2020-05-13 18:26:46,413] INFO [kafka-log-cleaner-thread-0]: Stopped (kafka.log.LogCleaner)
[2020-05-13 18:27:00,250] INFO Starting the log cleaner (kafka.log.LogCleaner)
[2020-05-13 18:27:00,313] INFO [kafka-log-cleaner-thread-0]: Starting (kafka.log.LogCleaner)
[2020-05-13 18:27:22,608] INFO Starting the log cleaner (kafka.log.LogCleaner)
[2020-05-13 18:27:22,673] INFO [kafka-log-cleaner-thread-0]: Starting (kafka.log.LogCleaner)
[2020-05-13 18:27:30,911] INFO Starting the log cleaner (kafka.log.LogCleaner)
[2020-05-13 18:27:30,975] INFO [kafka-log-cleaner-thread-0]: Starting (kafka.log.LogCleaner)
[2020-05-13 18:27:32,065] INFO Shutting down the log cleaner. (kafka.log.LogCleaner)
[2020-05-13 18:27:32,065] INFO [kafka-log-cleaner-thread-0]: Shutting down (kafka.log.LogCleaner)
[2020-05-13 18:27:32,066] INFO [kafka-log-cleaner-thread-0]: Stopped (kafka.log.LogCleaner)
[2020-05-13 18:27:32,066] INFO [kafka-log-cleaner-thread-0]: Shutdown completed (kafka.log.LogCleaner)
[2020-05-13 18:27:38,132] INFO Starting the log cleaner (kafka.log.LogCleaner)
[2020-05-13 18:27:38,194] INFO [kafka-log-cleaner-thread-0]: Starting (kafka.log.LogCleaner)
[2020-05-13 18:27:39,086] INFO Shutting down the log cleaner. (kafka.log.LogCleaner)
[2020-05-13 18:27:39,087] INFO [kafka-log-cleaner-thread-0]: Shutting down (kafka.log.LogCleaner)
[2020-05-13 18:27:39,087] INFO [kafka-log-cleaner-thread-0]: Shutdown completed (kafka.log.LogCleaner)
[2020-05-13 18:27:39,087] INFO [kafka-log-cleaner-thread-0]: Stopped (kafka.log.LogCleaner)
[2020-05-13 18:27:45,965] INFO Starting the log cleaner (kafka.log.LogCleaner)
[2020-05-13 18:27:46,028] INFO [kafka-log-cleaner-thread-0]: Starting (kafka.log.LogCleaner)
[2020-05-13 18:28:15,234] INFO Starting the log cleaner (kafka.log.LogCleaner)
[2020-05-13 18:28:15,298] INFO [kafka-log-cleaner-thread-0]: Starting (kafka.log.LogCleaner)
[2020-05-13 18:28:30,402] INFO Starting the log cleaner (kafka.log.LogCleaner)
[2020-05-13 18:28:30,466] INFO [kafka-log-cleaner-thread-0]: Starting (kafka.log.LogCleaner)
[2020-05-13 18:28:31,552] INFO Shutting down the log cleaner. (kafka.log.LogCleaner)
[2020-05-13 18:28:31,552] INFO [kafka-log-cleaner-thread-0]: Shutting down (kafka.log.LogCleaner)
[2020-05-13 18:28:31,553] INFO [kafka-log-cleaner-thread-0]: Stopped (kafka.log.LogCleaner)
[2020-05-13 18:28:31,553] INFO [kafka-log-cleaner-thread-0]: Shutdown completed (kafka.log.LogCleaner)
[2020-05-13 18:28:37,507] INFO Starting the log cleaner (kafka.log.LogCleaner)
[2020-05-13 18:28:37,572] INFO [kafka-log-cleaner-thread-0]: Starting (kafka.log.LogCleaner)
[2020-05-13 18:28:45,245] INFO Starting the log cleaner (kafka.log.LogCleaner)
[2020-05-13 18:28:45,309] INFO [kafka-log-cleaner-thread-0]: Starting (kafka.log.LogCleaner)
[2020-05-13 18:28:46,408] INFO Shutting down the log cleaner. (kafka.log.LogCleaner)
[2020-05-13 18:28:46,408] INFO [kafka-log-cleaner-thread-0]: Shutting down (kafka.log.LogCleaner)
[2020-05-13 18:28:46,408] INFO [kafka-log-cleaner-thread-0]: Stopped (kafka.log.LogCleaner)
[2020-05-13 18:28:46,408] INFO [kafka-log-cleaner-thread-0]: Shutdown completed (kafka.log.LogCleaner)
[2020-05-13 18:28:52,651] INFO Starting the log cleaner (kafka.log.LogCleaner)
[2020-05-13 18:28:52,715] INFO [kafka-log-cleaner-thread-0]: Starting (kafka.log.LogCleaner)
[2020-05-13 18:28:53,814] INFO Shutting down the log cleaner. (kafka.log.LogCleaner)
[2020-05-13 18:28:53,815] INFO [kafka-log-cleaner-thread-0]: Shutting down (kafka.log.LogCleaner)
[2020-05-13 18:28:53,815] INFO [kafka-log-cleaner-thread-0]: Stopped (kafka.log.LogCleaner)
[2020-05-13 18:28:53,815] INFO [kafka-log-cleaner-thread-0]: Shutdown completed (kafka.log.LogCleaner)
[2020-05-13 18:28:59,837] INFO Starting the log cleaner (kafka.log.LogCleaner)
[2020-05-13 18:28:59,903] INFO [kafka-log-cleaner-thread-0]: Starting (kafka.log.LogCleaner)
[2020-05-13 18:29:07,546] INFO Starting the log cleaner (kafka.log.LogCleaner)
[2020-05-13 18:29:07,609] INFO [kafka-log-cleaner-thread-0]: Starting (kafka.log.LogCleaner)
[2020-05-13 18:29:08,497] INFO Shutting down the log cleaner. (kafka.log.LogCleaner)
[2020-05-13 18:29:08,498] INFO [kafka-log-cleaner-thread-0]: Shutting down (kafka.log.LogCleaner)
[2020-05-13 18:29:08,498] INFO [kafka-log-cleaner-thread-0]: Stopped (kafka.log.LogCleaner)
[2020-05-13 18:29:08,498] INFO [kafka-log-cleaner-thread-0]: Shutdown completed (kafka.log.LogCleaner)
[2020-05-13 18:29:15,381] INFO Starting the log cleaner (kafka.log.LogCleaner)
[2020-05-13 18:29:15,445] INFO [kafka-log-cleaner-thread-0]: Starting (kafka.log.LogCleaner)
[2020-05-13 18:29:16,326] INFO Shutting down the log cleaner. (kafka.log.LogCleaner)
[2020-05-13 18:29:16,327] INFO [kafka-log-cleaner-thread-0]: Shutting down (kafka.log.LogCleaner)
[2020-05-13 18:29:16,328] INFO [kafka-log-cleaner-thread-0]: Stopped (kafka.log.LogCleaner)
[2020-05-13 18:29:16,328] INFO [kafka-log-cleaner-thread-0]: Shutdown completed (kafka.log.LogCleaner)
[2020-05-13 18:29:29,631] INFO Starting the log cleaner (kafka.log.LogCleaner)
[2020-05-13 18:29:29,696] INFO [kafka-log-cleaner-thread-0]: Starting (kafka.log.LogCleaner)
[2020-05-13 18:29:37,587] INFO Starting the log cleaner (kafka.log.LogCleaner)
[2020-05-13 18:29:37,649] INFO [kafka-log-cleaner-thread-0]: Starting (kafka.log.LogCleaner)
[2020-05-13 18:29:38,754] INFO Shutting down the log cleaner. (kafka.log.LogCleaner)
[2020-05-13 18:29:38,754] INFO [kafka-log-cleaner-thread-0]: Shutting down (kafka.log.LogCleaner)
[2020-05-13 18:29:38,754] INFO [kafka-log-cleaner-thread-0]: Stopped (kafka.log.LogCleaner)
[2020-05-13 18:29:38,754] INFO [kafka-log-cleaner-thread-0]: Shutdown completed (kafka.log.LogCleaner)
[2020-05-13 18:29:44,678] INFO Starting the log cleaner (kafka.log.LogCleaner)
[2020-05-13 18:29:44,745] INFO [kafka-log-cleaner-thread-0]: Starting (kafka.log.LogCleaner)
[2020-05-13 18:29:45,652] INFO Shutting down the log cleaner. (kafka.log.LogCleaner)
[2020-05-13 18:29:45,653] INFO [kafka-log-cleaner-thread-0]: Shutting down (kafka.log.LogCleaner)
[2020-05-13 18:29:45,654] INFO [kafka-log-cleaner-thread-0]: Stopped (kafka.log.LogCleaner)
[2020-05-13 18:29:45,654] INFO [kafka-log-cleaner-thread-0]: Shutdown completed (kafka.log.LogCleaner)
[2020-05-13 18:29:52,349] INFO Starting the log cleaner (kafka.log.LogCleaner)
[2020-05-13 18:29:52,412] INFO [kafka-log-cleaner-thread-0]: Starting (kafka.log.LogCleaner)
[2020-05-13 18:30:00,168] INFO Starting the log cleaner (kafka.log.LogCleaner)
[2020-05-13 18:30:00,230] INFO [kafka-log-cleaner-thread-0]: Starting (kafka.log.LogCleaner)
[2020-05-13 18:30:01,338] INFO Shutting down the log cleaner. (kafka.log.LogCleaner)
[2020-05-13 18:30:01,339] INFO [kafka-log-cleaner-thread-0]: Shutting down (kafka.log.LogCleaner)
[2020-05-13 18:30:01,339] INFO [kafka-log-cleaner-thread-0]: Stopped (kafka.log.LogCleaner)
[2020-05-13 18:30:01,339] INFO [kafka-log-cleaner-thread-0]: Shutdown completed (kafka.log.LogCleaner)
[2020-05-13 18:30:07,781] INFO Starting the log cleaner (kafka.log.LogCleaner)
[2020-05-13 18:30:07,844] INFO [kafka-log-cleaner-thread-0]: Starting (kafka.log.LogCleaner)
[2020-05-13 18:30:08,938] INFO Shutting down the log cleaner. (kafka.log.LogCleaner)
[2020-05-13 18:30:08,938] INFO [kafka-log-cleaner-thread-0]: Shutting down (kafka.log.LogCleaner)
[2020-05-13 18:30:08,939] INFO [kafka-log-cleaner-thread-0]: Shutdown completed (kafka.log.LogCleaner)
[2020-05-13 18:30:08,939] INFO [kafka-log-cleaner-thread-0]: Stopped (kafka.log.LogCleaner)
[2020-05-13 18:30:21,869] INFO Starting the log cleaner (kafka.log.LogCleaner)
[2020-05-13 18:30:21,932] INFO [kafka-log-cleaner-thread-0]: Starting (kafka.log.LogCleaner)
[2020-05-13 18:30:29,600] INFO Starting the log cleaner (kafka.log.LogCleaner)
[2020-05-13 18:30:29,663] INFO [kafka-log-cleaner-thread-0]: Starting (kafka.log.LogCleaner)
[2020-05-13 18:30:30,763] INFO Shutting down the log cleaner. (kafka.log.LogCleaner)
[2020-05-13 18:30:30,763] INFO [kafka-log-cleaner-thread-0]: Shutting down (kafka.log.LogCleaner)
[2020-05-13 18:30:30,764] INFO [kafka-log-cleaner-thread-0]: Stopped (kafka.log.LogCleaner)
[2020-05-13 18:30:30,764] INFO [kafka-log-cleaner-thread-0]: Shutdown completed (kafka.log.LogCleaner)
[2020-05-13 18:30:44,197] INFO Starting the log cleaner (kafka.log.LogCleaner)
[2020-05-13 18:30:44,261] INFO [kafka-log-cleaner-thread-0]: Starting (kafka.log.LogCleaner)
[2020-05-13 18:30:52,222] INFO Starting the log cleaner (kafka.log.LogCleaner)
[2020-05-13 18:30:52,286] INFO [kafka-log-cleaner-thread-0]: Starting (kafka.log.LogCleaner)
[2020-05-13 18:30:53,585] INFO Shutting down the log cleaner. (kafka.log.LogCleaner)
[2020-05-13 18:30:53,586] INFO [kafka-log-cleaner-thread-0]: Shutting down (kafka.log.LogCleaner)
[2020-05-13 18:30:53,586] INFO [kafka-log-cleaner-thread-0]: Shutdown completed (kafka.log.LogCleaner)
[2020-05-13 18:30:53,586] INFO [kafka-log-cleaner-thread-0]: Stopped (kafka.log.LogCleaner)
[2020-05-13 18:31:06,819] INFO Starting the log cleaner (kafka.log.LogCleaner)
[2020-05-13 18:31:06,879] INFO [kafka-log-cleaner-thread-0]: Starting (kafka.log.LogCleaner)
[2020-05-13 18:31:14,644] INFO Starting the log cleaner (kafka.log.LogCleaner)
[2020-05-13 18:31:14,705] INFO [kafka-log-cleaner-thread-0]: Starting (kafka.log.LogCleaner)
[2020-05-13 18:31:15,775] INFO Shutting down the log cleaner. (kafka.log.LogCleaner)
[2020-05-13 18:31:15,775] INFO [kafka-log-cleaner-thread-0]: Shutting down (kafka.log.LogCleaner)
[2020-05-13 18:31:15,776] INFO [kafka-log-cleaner-thread-0]: Stopped (kafka.log.LogCleaner)
[2020-05-13 18:31:15,776] INFO [kafka-log-cleaner-thread-0]: Shutdown completed (kafka.log.LogCleaner)
[2020-05-13 18:31:22,242] INFO Starting the log cleaner (kafka.log.LogCleaner)
[2020-05-13 18:31:22,303] INFO [kafka-log-cleaner-thread-0]: Starting (kafka.log.LogCleaner)
[2020-05-13 18:31:23,159] INFO Shutting down the log cleaner. (kafka.log.LogCleaner)
[2020-05-13 18:31:23,160] INFO [kafka-log-cleaner-thread-0]: Shutting down (kafka.log.LogCleaner)
[2020-05-13 18:31:23,161] INFO [kafka-log-cleaner-thread-0]: Stopped (kafka.log.LogCleaner)
[2020-05-13 18:31:23,161] INFO [kafka-log-cleaner-thread-0]: Shutdown completed (kafka.log.LogCleaner)
[2020-05-13 18:31:29,290] INFO Starting the log cleaner (kafka.log.LogCleaner)
[2020-05-13 18:31:29,358] INFO [kafka-log-cleaner-thread-0]: Starting (kafka.log.LogCleaner)
[2020-05-13 18:31:37,376] INFO Starting the log cleaner (kafka.log.LogCleaner)
[2020-05-13 18:31:37,437] INFO [kafka-log-cleaner-thread-0]: Starting (kafka.log.LogCleaner)
[2020-05-13 18:31:38,471] INFO Shutting down the log cleaner. (kafka.log.LogCleaner)
[2020-05-13 18:31:38,472] INFO [kafka-log-cleaner-thread-0]: Shutting down (kafka.log.LogCleaner)
[2020-05-13 18:31:38,472] INFO [kafka-log-cleaner-thread-0]: Stopped (kafka.log.LogCleaner)
[2020-05-13 18:31:38,472] INFO [kafka-log-cleaner-thread-0]: Shutdown completed (kafka.log.LogCleaner)
[2020-05-13 18:31:45,028] INFO Starting the log cleaner (kafka.log.LogCleaner)
[2020-05-13 18:31:45,088] INFO [kafka-log-cleaner-thread-0]: Starting (kafka.log.LogCleaner)
[2020-05-13 18:31:46,162] INFO Shutting down the log cleaner. (kafka.log.LogCleaner)
[2020-05-13 18:31:46,162] INFO [kafka-log-cleaner-thread-0]: Shutting down (kafka.log.LogCleaner)
[2020-05-13 18:31:46,163] INFO [kafka-log-cleaner-thread-0]: Stopped (kafka.log.LogCleaner)
[2020-05-13 18:31:46,163] INFO [kafka-log-cleaner-thread-0]: Shutdown completed (kafka.log.LogCleaner)
[2020-05-13 18:31:51,947] INFO Starting the log cleaner (kafka.log.LogCleaner)
[2020-05-13 18:31:52,007] INFO [kafka-log-cleaner-thread-0]: Starting (kafka.log.LogCleaner)
[2020-05-13 18:32:19,538] INFO Starting the log cleaner (kafka.log.LogCleaner)
[2020-05-13 18:32:19,607] INFO [kafka-log-cleaner-thread-0]: Starting (kafka.log.LogCleaner)
[2020-05-13 18:50:01,433] INFO Starting the log cleaner (kafka.log.LogCleaner)
[2020-05-13 18:50:01,502] INFO [kafka-log-cleaner-thread-0]: Starting (kafka.log.LogCleaner)
[2020-05-13 18:51:47,879] INFO Starting the log cleaner (kafka.log.LogCleaner)
[2020-05-13 18:51:47,939] INFO [kafka-log-cleaner-thread-0]: Starting (kafka.log.LogCleaner)
[2020-05-13 18:52:28,079] INFO Shutting down the log cleaner. (kafka.log.LogCleaner)
[2020-05-13 18:52:28,079] INFO [kafka-log-cleaner-thread-0]: Shutting down (kafka.log.LogCleaner)
[2020-05-13 18:52:28,079] INFO [kafka-log-cleaner-thread-0]: Stopped (kafka.log.LogCleaner)
[2020-05-13 18:52:28,079] INFO [kafka-log-cleaner-thread-0]: Shutdown completed (kafka.log.LogCleaner)
